{
  "stats": {
    "suites": 2,
    "tests": 3,
    "passes": 2,
    "pending": 1,
    "failures": 0,
    "start": "2020-04-22T19:09:29.911Z",
    "end": "2020-04-22T19:09:29.911Z",
    "duration": 1490,
    "testsRegistered": 3,
    "passPercent": 66.66666666666667,
    "pendingPercent": 33.333333333333336,
    "other": 0,
    "hasOther": false,
    "skipped": 0,
    "hasSkipped": false
  },
  "results": [
    {
      "uuid": "b170b0a7-8610-4c63-b889-abf6d9f54a59",
      "title": "",
      "fullFile": "cypress/integration/services/GetBookingIds.spec.js",
      "file": "cypress/integration/services/GetBookingIds.spec.js",
      "beforeHooks": [],
      "afterHooks": [],
      "tests": [],
      "suites": [
        {
          "uuid": "59a90946-acf5-45c8-b353-9a25226a6ebe",
          "title": "Get Booking ids",
          "fullFile": "",
          "file": "",
          "beforeHooks": [],
          "afterHooks": [],
          "tests": [
            {
              "title": "Listar IDs das reservas - @acceptance",
              "fullTitle": "Get Booking ids Listar IDs das reservas - @acceptance",
              "timedOut": null,
              "duration": 836,
              "state": "passed",
              "speed": "slow",
              "pass": true,
              "fail": false,
              "pending": false,
              "context": null,
              "code": "cy.allBookings().should(function (response) {\n  expect(response.status).to.eq(200);\n  expect(response.body).not.to.be[\"null\"];\n});",
              "err": {},
              "uuid": "e67a9f3b-ddcd-4699-b423-cee708291fae",
              "parentUUID": "59a90946-acf5-45c8-b353-9a25226a6ebe",
              "isHook": false,
              "skipped": false
            },
            {
              "title": "Garantir o contrato do retorno da lista de reservas - @contracts",
              "fullTitle": "Get Booking ids Garantir o contrato do retorno da lista de reservas - @contracts",
              "timedOut": null,
              "duration": 0,
              "state": "pending",
              "speed": null,
              "pass": false,
              "fail": false,
              "pending": true,
              "context": null,
              "code": "",
              "err": {},
              "uuid": "9f71595b-ae17-4f18-9367-d3a24933bab0",
              "parentUUID": "59a90946-acf5-45c8-b353-9a25226a6ebe",
              "isHook": false,
              "skipped": false
            }
          ],
          "suites": [],
          "passes": [
            "e67a9f3b-ddcd-4699-b423-cee708291fae"
          ],
          "failures": [],
          "pending": [
            "9f71595b-ae17-4f18-9367-d3a24933bab0"
          ],
          "skipped": [],
          "duration": 836,
          "root": false,
          "rootEmpty": false,
          "_timeout": 2000
        }
      ],
      "passes": [],
      "failures": [],
      "pending": [],
      "skipped": [],
      "duration": 0,
      "root": true,
      "rootEmpty": true,
      "_timeout": 2000
    },
    {
      "uuid": "9648a400-9991-4c81-8604-26cce3f8deee",
      "title": "",
      "fullFile": "cypress/integration/services/UpdateBooking.spec.js",
      "file": "cypress/integration/services/UpdateBooking.spec.js",
      "beforeHooks": [],
      "afterHooks": [],
      "tests": [],
      "suites": [
        {
          "uuid": "a28d9421-234b-460b-a70f-57066a43712a",
          "title": "Put Booking",
          "fullFile": "",
          "file": "",
          "beforeHooks": [],
          "afterHooks": [],
          "tests": [
            {
              "title": "Alterar uma reserva usando o token - @acceptance",
              "fullTitle": "Put Booking Alterar uma reserva usando o token - @acceptance",
              "timedOut": null,
              "duration": 654,
              "state": "passed",
              "speed": "slow",
              "pass": true,
              "fail": false,
              "pending": false,
              "context": null,
              "code": "cy.token().then(function (resToken) {\n  cy.log(resToken.body.token);\n  cy.allBookings().then(function (resAllBookings) {\n    cy.log(resAllBookings.body);\n    cy.updateBookingWithToken(resAllBookings.body[0].bookingid, resToken.body.token).then(function (response) {\n      expect(response.status).to.eq(200);\n      expect(response.body.firstname).to.eq(\"João\");\n    });\n  });\n});",
              "err": {},
              "uuid": "1275214f-1b0e-4bd1-a9a7-a3ddeef5d072",
              "parentUUID": "a28d9421-234b-460b-a70f-57066a43712a",
              "isHook": false,
              "skipped": false
            }
          ],
          "suites": [],
          "passes": [
            "1275214f-1b0e-4bd1-a9a7-a3ddeef5d072"
          ],
          "failures": [],
          "pending": [],
          "skipped": [],
          "duration": 654,
          "root": false,
          "rootEmpty": false,
          "_timeout": 2000
        }
      ],
      "passes": [],
      "failures": [],
      "pending": [],
      "skipped": [],
      "duration": 0,
      "root": true,
      "rootEmpty": true,
      "_timeout": 2000
    }
  ],
  "meta": {
    "mocha": {
      "version": "7.1.1"
    },
    "mochawesome": {
      "options": {
        "quiet": false,
        "reportFilename": "mochawesome",
        "saveHtml": false,
        "saveJson": true,
        "consoleReporter": "spec",
        "useInlineDiffs": false,
        "code": true
      },
      "version": "6.1.0"
    },
    "marge": {
      "options": {
        "reportDir": "mochawesome-report/json",
        "overwrite": false,
        "html": false,
        "json": true
      },
      "version": "5.1.0"
    }
  }
}